<?xml version="1.0" encoding="UTF-8"?>
<testsuite errors="0" failures="0" hostname="olga.local" name="ProjectInspectorSpec" tests="1" time="0.078" timestamp="2012-10-25T01:12:14">
  <properties />
  <testcase classname="ProjectInspectorSpec" name="parsing all classes of a project" time="0.06" />
  <system-out><![CDATA[]]></system-out>
  <system-err><![CDATA[]]></system-err>
</testsuite>
