<?xml version="1.0" encoding="UTF-8"?>
<testsuite errors="0" failures="0" hostname="olga.local" name="carlosgsouza.groovonomics.ProjectDataSpec" tests="1" time="0.88" timestamp="2012-12-14T21:47:48">
  <properties />
  <testcase classname="carlosgsouza.groovonomics.ProjectDataSpec" name="toJson should return a json string with the project data and the data for each class" time="0.825" />
  <system-out><![CDATA[]]></system-out>
  <system-err><![CDATA[]]></system-err>
</testsuite>
