<?xml version="1.0" encoding="UTF-8"?>
<testsuite errors="0" failures="0" hostname="olga.local" name="carlosgsouza.groovonomics.ClassDataSpec" tests="1" time="0.165" timestamp="2012-12-07T01:21:24">
  <properties />
  <testcase classname="carlosgsouza.groovonomics.ClassDataSpec" name="a just created ClassData instance should have all declarataions counters set to 0" time="0.022" />
  <system-out><![CDATA[]]></system-out>
  <system-err><![CDATA[]]></system-err>
</testsuite>
