<?xml version="1.0" encoding="UTF-8"?>
<testsuite errors="0" failures="0" hostname="olga.local" name="carlosgsouza.groovonomics.Project0003InspectorSpec" tests="1" time="0.228" timestamp="2012-10-29T01:30:03">
  <properties />
  <testcase classname="carlosgsouza.groovonomics.Project0003InspectorSpec" name="parsing all classes of a project" time="0.181" />
  <system-out><![CDATA[Parsing /Users/carlosgsouza/selected_projects/0120/wagtail/src/main/groovy/main.groovy
WARNING: Impossible to parse /Users/carlosgsouza/selected_projects/0120/wagtail/src/main/groovy/main.groovy
Parsing /Users/carlosgsouza/selected_projects/0120/wagtail/src/main/groovy/wagtail/framework/core/components/Scene.groovy
Parsing /Users/carlosgsouza/selected_projects/0120/wagtail/src/main/groovy/wagtail/framework/loader/Script.groovy
Parsing /Users/carlosgsouza/selected_projects/0120/wagtail/src/main/groovy/wagtail/framework/loader/ScriptLoader.groovy
Parsing /Users/carlosgsouza/selected_projects/0120/wagtail/src/main/groovy/wagtail/framework/main/Main.groovy
Parsing /Users/carlosgsouza/selected_projects/0120/wagtail/src/test/groovy/main.groovy
]]></system-out>
  <system-err><![CDATA[]]></system-err>
</testsuite>
