<?xml version="1.0" encoding="UTF-8"?>
<testsuite errors="0" failures="0" hostname="olga.local" name="carlosgsouza.groovonomics.ProjectInspectorSpec" tests="1" time="0.096" timestamp="2012-10-29T01:30:03">
  <properties />
  <testcase classname="carlosgsouza.groovonomics.ProjectInspectorSpec" name="parsing all classes of a project" time="0.07" />
  <system-out><![CDATA[Parsing /Users/carlosgsouza/Dropbox/UFMG/Mestrado/mes/groovonomics/src/test/resources/carlosgsouza/groovonomics/projects_folder/0001/a_project/a_folder/AClass.groovy
Parsing /Users/carlosgsouza/Dropbox/UFMG/Mestrado/mes/groovonomics/src/test/resources/carlosgsouza/groovonomics/projects_folder/0001/a_project/AClass.groovy
Parsing /Users/carlosgsouza/Dropbox/UFMG/Mestrado/mes/groovonomics/src/test/resources/carlosgsouza/groovonomics/projects_folder/0001/a_project/AnotherClass.groovy
]]></system-out>
  <system-err><![CDATA[]]></system-err>
</testsuite>
