<?xml version="1.0" encoding="UTF-8"?>
<testsuite errors="0" failures="1" hostname="olga.local" name="carlosgsouza.groovonomics.TypeSystemUsageVisitorSpec" tests="1" time="0.212" timestamp="2012-12-14T21:47:49">
  <properties />
  <testcase classname="carlosgsouza.groovonomics.TypeSystemUsageVisitorSpec" name="vai funfar" time="0.179">
    <failure message="Condition not satisfied:&#xa;&#xa;data != null&#xa;|    |&#xa;null false&#xa;" type="org.spockframework.runtime.ConditionNotSatisfiedError">Condition not satisfied:

data != null
|    |
null false

	at carlosgsouza.groovonomics.TypeSystemUsageVisitorSpec.vai funfar(TypeSystemUsageVisitorSpec.groovy:20)
</failure>
  </testcase>
  <system-out><![CDATA[]]></system-out>
  <system-err><![CDATA[]]></system-err>
</testsuite>
