<?xml version="1.0" encoding="UTF-8"?>
<testsuite errors="0" failures="1" hostname="olga.local" name="carlosgsouza.groovonomics.ProjectInspectorSpec" tests="1" time="0.647" timestamp="2012-12-14T21:47:49">
  <properties />
  <testcase classname="carlosgsouza.groovonomics.ProjectInspectorSpec" name="getTypeSystemUsageData should return a projectData object with data for all classes" time="0.619">
    <failure message="Condition not satisfied:&#xa;&#xa;projectData.classes.size() == 18&#xa;|           |       |      |&#xa;|           |       19     false&#xa;|           [carlosgsouza.groovonomics.ClassData@54b4b0a4, carlosgsouza.groovonomics.ClassData@22b90a6e, carlosgsouza.groovonomics.ClassData@225bcd91, carlosgsouza.groovonomics.ClassData@3914fc36, carlosgsouza.groovonomics.ClassData@10ba5a81, carlosgsouza.groovonomics.ClassData@3a8bd3bb, carlosgsouza.groovonomics.ClassData@31f9b804, carlosgsouza.groovonomics.ClassData@1a0283e, carlosgsouza.groovonomics.ClassData@39b1ff47, carlosgsouza.groovonomics.ClassData@54eeabe8, carlosgsouza.groovonomics.ClassData@15837e8, carlosgsouza.groovonomics.ClassData@46be6108, carlosgsouza.groovonomics.ClassData@7cd47880, carlosgsouza.groovonomics.ClassData@61335b86, carlosgsouza.groovonomics.ClassData@72bdec44, carlosgsouza.groovonomics.ClassData@12e29f36, carlosgsouza.groovonomics.ClassData@5c429be9, carlosgsouza.groovonomics.ClassData@190a0d51, carlosgsouza.groovonomics.ClassData@62f04dae]&#xa;carlosgsouza.groovonomics.ProjectData@10fd0a62&#xa;" type="org.spockframework.runtime.SpockComparisonFailure">Condition not satisfied:

projectData.classes.size() == 18
|           |       |      |
|           |       19     false
|           [carlosgsouza.groovonomics.ClassData@54b4b0a4, carlosgsouza.groovonomics.ClassData@22b90a6e, carlosgsouza.groovonomics.ClassData@225bcd91, carlosgsouza.groovonomics.ClassData@3914fc36, carlosgsouza.groovonomics.ClassData@10ba5a81, carlosgsouza.groovonomics.ClassData@3a8bd3bb, carlosgsouza.groovonomics.ClassData@31f9b804, carlosgsouza.groovonomics.ClassData@1a0283e, carlosgsouza.groovonomics.ClassData@39b1ff47, carlosgsouza.groovonomics.ClassData@54eeabe8, carlosgsouza.groovonomics.ClassData@15837e8, carlosgsouza.groovonomics.ClassData@46be6108, carlosgsouza.groovonomics.ClassData@7cd47880, carlosgsouza.groovonomics.ClassData@61335b86, carlosgsouza.groovonomics.ClassData@72bdec44, carlosgsouza.groovonomics.ClassData@12e29f36, carlosgsouza.groovonomics.ClassData@5c429be9, carlosgsouza.groovonomics.ClassData@190a0d51, carlosgsouza.groovonomics.ClassData@62f04dae]
carlosgsouza.groovonomics.ProjectData@10fd0a62

	at carlosgsouza.groovonomics.ProjectInspectorSpec.getTypeSystemUsageData should return a projectData object with data for all classes(ProjectInspectorSpec.groovy:18)
</failure>
  </testcase>
  <system-out><![CDATA[Parsing /Users/carlosgsouza/Dropbox/UFMG/Mestrado/mes/groovonomics/src/test/resources/carlosgsouza/groovonomics/projects_folder/0001/a_project/a/packagename/with/multiple/levels/Class.groovy
Parsing /Users/carlosgsouza/Dropbox/UFMG/Mestrado/mes/groovonomics/src/test/resources/carlosgsouza/groovonomics/projects_folder/0001/a_project/ClassWithClosureFields.groovy
Parsing /Users/carlosgsouza/Dropbox/UFMG/Mestrado/mes/groovonomics/src/test/resources/carlosgsouza/groovonomics/projects_folder/0001/a_project/ClassWithClosuresInsideClosures.groovy
Parsing /Users/carlosgsouza/Dropbox/UFMG/Mestrado/mes/groovonomics/src/test/resources/carlosgsouza/groovonomics/projects_folder/0001/a_project/ClassWithClosuresInsideMethods.groovy
Parsing /Users/carlosgsouza/Dropbox/UFMG/Mestrado/mes/groovonomics/src/test/resources/carlosgsouza/groovonomics/projects_folder/0001/a_project/ClassWithClosuresParametersFieldsAndLocals.groovy
Parsing /Users/carlosgsouza/Dropbox/UFMG/Mestrado/mes/groovonomics/src/test/resources/carlosgsouza/groovonomics/projects_folder/0001/a_project/ClassWithConstructors.groovy
Parsing /Users/carlosgsouza/Dropbox/UFMG/Mestrado/mes/groovonomics/src/test/resources/carlosgsouza/groovonomics/projects_folder/0001/a_project/ClassWithFieldsOnly.groovy
Parsing /Users/carlosgsouza/Dropbox/UFMG/Mestrado/mes/groovonomics/src/test/resources/carlosgsouza/groovonomics/projects_folder/0001/a_project/ClassWithMethodsOnly.groovy
Parsing /Users/carlosgsouza/Dropbox/UFMG/Mestrado/mes/groovonomics/src/test/resources/carlosgsouza/groovonomics/projects_folder/0001/a_project/ClassWithMethodsWithClosureParameters.groovy
Parsing /Users/carlosgsouza/Dropbox/UFMG/Mestrado/mes/groovonomics/src/test/resources/carlosgsouza/groovonomics/projects_folder/0001/a_project/ClassWithMethodsWithLocalVariables.groovy
Parsing /Users/carlosgsouza/Dropbox/UFMG/Mestrado/mes/groovonomics/src/test/resources/carlosgsouza/groovonomics/projects_folder/0001/a_project/ClassWithMethodsWithLocalVariablesInsideBlocks.groovy
Parsing /Users/carlosgsouza/Dropbox/UFMG/Mestrado/mes/groovonomics/src/test/resources/carlosgsouza/groovonomics/projects_folder/0001/a_project/ClassWithMethodsWithLocalVariablesInsideClosures.groovy
Parsing /Users/carlosgsouza/Dropbox/UFMG/Mestrado/mes/groovonomics/src/test/resources/carlosgsouza/groovonomics/projects_folder/0001/a_project/ClassWithMethodsWithLocalVariablesInsideForLoop.groovy
Parsing /Users/carlosgsouza/Dropbox/UFMG/Mestrado/mes/groovonomics/src/test/resources/carlosgsouza/groovonomics/projects_folder/0001/a_project/ClassWithMethodsWithOnlyOneTypeOfDeclaration.groovy
Parsing /Users/carlosgsouza/Dropbox/UFMG/Mestrado/mes/groovonomics/src/test/resources/carlosgsouza/groovonomics/projects_folder/0001/a_project/ClassWithMethodsWithParameters.groovy
Parsing /Users/carlosgsouza/Dropbox/UFMG/Mestrado/mes/groovonomics/src/test/resources/carlosgsouza/groovonomics/projects_folder/0001/a_project/ClassWithPropertiesOnly.groovy
Parsing /Users/carlosgsouza/Dropbox/UFMG/Mestrado/mes/groovonomics/src/test/resources/carlosgsouza/groovonomics/projects_folder/0001/a_project/ClassWithStaticMethodsOnly.groovy
Parsing /Users/carlosgsouza/Dropbox/UFMG/Mestrado/mes/groovonomics/src/test/resources/carlosgsouza/groovonomics/projects_folder/0001/a_project/ClassWithVoidMethods.groovy
Parsing /Users/carlosgsouza/Dropbox/UFMG/Mestrado/mes/groovonomics/src/test/resources/carlosgsouza/groovonomics/projects_folder/0001/a_project/Script.groovy
]]></system-out>
  <system-err><![CDATA[]]></system-err>
</testsuite>
