<?xml version="1.0" encoding="UTF-8"?>
<testsuite errors="0" failures="2" hostname="olga.local" name="carlosgsouza.groovonomics.ASTInspectorSpec" tests="17" time="3.673" timestamp="2012-12-14T21:47:44">
  <properties />
  <testcase classname="carlosgsouza.groovonomics.ASTInspectorSpec" name="getting field declaration data" time="1.377" />
  <testcase classname="carlosgsouza.groovonomics.ASTInspectorSpec" name="properties are considered private fields" time="0.095">
    <failure message="Condition not satisfied:&#xa;&#xa;data.privateField.s == 2&#xa;|    |            | |&#xa;|    |            0 false&#xa;|    carlosgsouza.groovonomics.DeclarationCount@1c8321c8&#xa;carlosgsouza.groovonomics.ClassData@50152643&#xa;" type="org.spockframework.runtime.SpockComparisonFailure">Condition not satisfied:

data.privateField.s == 2
|    |            | |
|    |            0 false
|    carlosgsouza.groovonomics.DeclarationCount@1c8321c8
carlosgsouza.groovonomics.ClassData@50152643

	at carlosgsouza.groovonomics.ASTInspectorSpec.properties are considered private fields(ASTInspectorSpec.groovy:32)
</failure>
  </testcase>
  <testcase classname="carlosgsouza.groovonomics.ASTInspectorSpec" name="getting method return declaration data" time="0.261" />
  <testcase classname="carlosgsouza.groovonomics.ASTInspectorSpec" name="static method data is also retrieved" time="0.093" />
  <testcase classname="carlosgsouza.groovonomics.ASTInspectorSpec" name="getting data for method parameters" time="0.079" />
  <testcase classname="carlosgsouza.groovonomics.ASTInspectorSpec" name="void methods are considered statically typed" time="0.071" />
  <testcase classname="carlosgsouza.groovonomics.ASTInspectorSpec" name="getting data for constructor" time="0.052" />
  <testcase classname="carlosgsouza.groovonomics.ASTInspectorSpec" name="counting methods that use only static or only dynamic declarations" time="0.084" />
  <testcase classname="carlosgsouza.groovonomics.ASTInspectorSpec" name="counting local variable declarations of methods" time="0.103" />
  <testcase classname="carlosgsouza.groovonomics.ASTInspectorSpec" name="local variables inside blocks are also counted" time="0.077" />
  <testcase classname="carlosgsouza.groovonomics.ASTInspectorSpec" name="variables declared inside a for loop are also counted" time="0.016" />
  <testcase classname="carlosgsouza.groovonomics.ASTInspectorSpec" name="variables declared inside closures are also counted" time="0.014" />
  <testcase classname="carlosgsouza.groovonomics.ASTInspectorSpec" name="closure parameters are NOT considered local variables" time="0.056" />
  <testcase classname="carlosgsouza.groovonomics.ASTInspectorSpec" name="closure, local, fields and parameter declarations don&apos;t interefere with each other" time="0.037">
    <failure message="Condition not satisfied:&#xa;&#xa;data.privateField.s == 1&#xa;|    |            | |&#xa;|    |            0 false&#xa;|    carlosgsouza.groovonomics.DeclarationCount@447bbfb8&#xa;carlosgsouza.groovonomics.ClassData@3219ee8a&#xa;" type="org.spockframework.runtime.SpockComparisonFailure">Condition not satisfied:

data.privateField.s == 1
|    |            | |
|    |            0 false
|    carlosgsouza.groovonomics.DeclarationCount@447bbfb8
carlosgsouza.groovonomics.ClassData@3219ee8a

	at carlosgsouza.groovonomics.ASTInspectorSpec.closure, local, fields and parameter declarations don&apos;t interefere with each other(ASTInspectorSpec.groovy:234)
</failure>
  </testcase>
  <testcase classname="carlosgsouza.groovonomics.ASTInspectorSpec" name="class metadata is stored" time="0.08" />
  <testcase classname="carlosgsouza.groovonomics.ASTInspectorSpec" name="a class is not a script" time="0.067" />
  <testcase classname="carlosgsouza.groovonomics.ASTInspectorSpec" name="should be able to get data for a script" time="0.054" />
  <system-out><![CDATA[]]></system-out>
  <system-err><![CDATA[]]></system-err>
</testsuite>
