<?xml version="1.0" encoding="UTF-8"?>
<testsuite errors="0" failures="0" hostname="olga.local" name="ASTInspectorSpec" tests="1" time="1.184" timestamp="2012-10-25T01:12:12">
  <properties />
  <testcase classname="ASTInspectorSpec" name="parsing a simple class" time="0.659" />
  <system-out><![CDATA[]]></system-out>
  <system-err><![CDATA[]]></system-err>
</testsuite>
