<?xml version="1.0" encoding="UTF-8"?>
<testsuite errors="0" failures="2" hostname="olga.local" name="carlosgsouza.groovonomics.ASTInspectorSpec" tests="2" time="1.383" timestamp="2012-12-07T01:21:22">
  <properties />
  <testcase classname="carlosgsouza.groovonomics.ASTInspectorSpec" name="getting field declaration data" time="0.292">
    <failure message="java.io.FileNotFoundException: src/test/resources/carlosgsouza/groovonomics/projects_folder/0001/a_project/AClass.groovy (No such file or directory)" type="java.io.FileNotFoundException">java.io.FileNotFoundException: src/test/resources/carlosgsouza/groovonomics/projects_folder/0001/a_project/AClass.groovy (No such file or directory)
	at java.io.FileInputStream.&lt;init&gt;(FileInputStream.java:120)
	at groovy.util.CharsetToolkit.&lt;init&gt;(CharsetToolkit.java:69)
	at carlosgsouza.groovonomics.ASTInspector.getTypeSystemUsageData(ASTInspector.groovy:60)
	at carlosgsouza.groovonomics.ASTInspectorSpec.getting field declaration data(ASTInspectorSpec.groovy:12)
</failure>
  </testcase>
  <testcase classname="carlosgsouza.groovonomics.ASTInspectorSpec" name="properties are considered private fields" time="0.327">
    <failure message="Condition not satisfied:&#xa;&#xa;1==2&#xa; |&#xa; false&#xa;" type="org.spockframework.runtime.SpockComparisonFailure">Condition not satisfied:

1==2
 |
 false

	at carlosgsouza.groovonomics.ASTInspectorSpec.properties are considered private fields(ASTInspectorSpec.groovy:29)
</failure>
  </testcase>
  <system-out><![CDATA[]]></system-out>
  <system-err><![CDATA[]]></system-err>
</testsuite>
