<?xml version="1.0" encoding="UTF-8"?>
<testsuite errors="0" failures="0" hostname="olga.local" name="carlosgsouza.groovonomics.ASTInspectorSpec" tests="1" time="1.374" timestamp="2012-10-29T01:30:01">
  <properties />
  <testcase classname="carlosgsouza.groovonomics.ASTInspectorSpec" name="parsing a simple class" time="0.775" />
  <system-out><![CDATA[]]></system-out>
  <system-err><![CDATA[]]></system-err>
</testsuite>
